The system is: Darwin - 14.1.0 - x86_64
Compiling the C compiler identification source file "CMakeCCompilerId.c" succeeded.
Compiler: /usr/bin/cc 
Build flags: 
Id flags: 

The output was:
0


Compilation of the C compiler identification source "CMakeCCompilerId.c" produced "a.out"

The C compiler identification is AppleClang, found in "/Users/guochao/Script/cpp/c_make/c2/CMakeFiles/3.1.0/CompilerIdC/a.out"

Compiling the CXX compiler identification source file "CMakeCXXCompilerId.cpp" succeeded.
Compiler: /usr/bin/c++ 
Build flags: 
Id flags: 

The output was:
0


Compilation of the CXX compiler identification source "CMakeCXXCompilerId.cpp" produced "a.out"

The CXX compiler identification is AppleClang, found in "/Users/guochao/Script/cpp/c_make/c2/CMakeFiles/3.1.0/CompilerIdCXX/a.out"

Determining if the C compiler works passed with the following output:
Change Dir: /Users/guochao/Script/cpp/c_make/c2/CMakeFiles/CMakeTmp

Run Build Command:"/usr/bin/make" "cmTryCompileExec245024004/fast"
/Applications/Xcode.app/Contents/Developer/usr/bin/make -f CMakeFiles/cmTryCompileExec245024004.dir/build.make CMakeFiles/cmTryCompileExec245024004.dir/build
/usr/local/Cellar/cmake/3.1.0/bin/cmake -E cmake_progress_report /Users/guochao/Script/cpp/c_make/c2/CMakeFiles/CMakeTmp/CMakeFiles 1
Building C object CMakeFiles/cmTryCompileExec245024004.dir/testCCompiler.c.o
/usr/bin/cc    -o CMakeFiles/cmTryCompileExec245024004.dir/testCCompiler.c.o   -c /Users/guochao/Script/cpp/c_make/c2/CMakeFiles/CMakeTmp/testCCompiler.c
Linking C executable cmTryCompileExec245024004
/usr/local/Cellar/cmake/3.1.0/bin/cmake -E cmake_link_script CMakeFiles/cmTryCompileExec245024004.dir/link.txt --verbose=1
/usr/bin/cc    -Wl,-search_paths_first -Wl,-headerpad_max_install_names  CMakeFiles/cmTryCompileExec245024004.dir/testCCompiler.c.o  -o cmTryCompileExec245024004  


Detecting C compiler ABI info compiled with the following output:
Change Dir: /Users/guochao/Script/cpp/c_make/c2/CMakeFiles/CMakeTmp

Run Build Command:"/usr/bin/make" "cmTryCompileExec1760741163/fast"
/Applications/Xcode.app/Contents/Developer/usr/bin/make -f CMakeFiles/cmTryCompileExec1760741163.dir/build.make CMakeFiles/cmTryCompileExec1760741163.dir/build
/usr/local/Cellar/cmake/3.1.0/bin/cmake -E cmake_progress_report /Users/guochao/Script/cpp/c_make/c2/CMakeFiles/CMakeTmp/CMakeFiles 1
Building C object CMakeFiles/cmTryCompileExec1760741163.dir/CMakeCCompilerABI.c.o
/usr/bin/cc    -o CMakeFiles/cmTryCompileExec1760741163.dir/CMakeCCompilerABI.c.o   -c /usr/local/Cellar/cmake/3.1.0/share/cmake/Modules/CMakeCCompilerABI.c
Linking C executable cmTryCompileExec1760741163
/usr/local/Cellar/cmake/3.1.0/bin/cmake -E cmake_link_script CMakeFiles/cmTryCompileExec1760741163.dir/link.txt --verbose=1
/usr/bin/cc    -Wl,-search_paths_first -Wl,-headerpad_max_install_names -v -Wl,-v CMakeFiles/cmTryCompileExec1760741163.dir/CMakeCCompilerABI.c.o  -o cmTryCompileExec1760741163   
Apple LLVM version 6.1.0 (clang-602.0.49) (based on LLVM 3.6.0svn)
Target: x86_64-apple-darwin14.1.0
Thread model: posix
 "/Applications/Xcode.app/Contents/Developer/Toolchains/XcodeDefault.xctoolchain/usr/bin/ld" -demangle -dynamic -arch x86_64 -macosx_version_min 10.10.0 -o cmTryCompileExec1760741163 -search_paths_first -headerpad_max_install_names -v CMakeFiles/cmTryCompileExec1760741163.dir/CMakeCCompilerABI.c.o -lSystem /Applications/Xcode.app/Contents/Developer/Toolchains/XcodeDefault.xctoolchain/usr/bin/../lib/clang/6.1.0/lib/darwin/libclang_rt.osx.a
@(#)PROGRAM:ld  PROJECT:ld64-242
configured to support archs: armv6 armv7 armv7s arm64 i386 x86_64 x86_64h armv6m armv7m armv7em
Library search paths:
	/usr/lib
	/usr/local/lib
Framework search paths:
	/Library/Frameworks/
	/System/Library/Frameworks/


Parsed C implicit link information from above output:
  link line regex: [^( *|.*[/\])(ld|([^/\]+-)?ld|collect2)[^/\]*( |$)]
  ignore line: [Change Dir: /Users/guochao/Script/cpp/c_make/c2/CMakeFiles/CMakeTmp]
  ignore line: []
  ignore line: [Run Build Command:"/usr/bin/make" "cmTryCompileExec1760741163/fast"]
  ignore line: [/Applications/Xcode.app/Contents/Developer/usr/bin/make -f CMakeFiles/cmTryCompileExec1760741163.dir/build.make CMakeFiles/cmTryCompileExec1760741163.dir/build]
  ignore line: [/usr/local/Cellar/cmake/3.1.0/bin/cmake -E cmake_progress_report /Users/guochao/Script/cpp/c_make/c2/CMakeFiles/CMakeTmp/CMakeFiles 1]
  ignore line: [Building C object CMakeFiles/cmTryCompileExec1760741163.dir/CMakeCCompilerABI.c.o]
  ignore line: [/usr/bin/cc    -o CMakeFiles/cmTryCompileExec1760741163.dir/CMakeCCompilerABI.c.o   -c /usr/local/Cellar/cmake/3.1.0/share/cmake/Modules/CMakeCCompilerABI.c]
  ignore line: [Linking C executable cmTryCompileExec1760741163]
  ignore line: [/usr/local/Cellar/cmake/3.1.0/bin/cmake -E cmake_link_script CMakeFiles/cmTryCompileExec1760741163.dir/link.txt --verbose=1]
  ignore line: [/usr/bin/cc    -Wl,-search_paths_first -Wl,-headerpad_max_install_names -v -Wl,-v CMakeFiles/cmTryCompileExec1760741163.dir/CMakeCCompilerABI.c.o  -o cmTryCompileExec1760741163   ]
  ignore line: [Apple LLVM version 6.1.0 (clang-602.0.49) (based on LLVM 3.6.0svn)]
  ignore line: [Target: x86_64-apple-darwin14.1.0]
  ignore line: [Thread model: posix]
  link line: [ "/Applications/Xcode.app/Contents/Developer/Toolchains/XcodeDefault.xctoolchain/usr/bin/ld" -demangle -dynamic -arch x86_64 -macosx_version_min 10.10.0 -o cmTryCompileExec1760741163 -search_paths_first -headerpad_max_install_names -v CMakeFiles/cmTryCompileExec1760741163.dir/CMakeCCompilerABI.c.o -lSystem /Applications/Xcode.app/Contents/Developer/Toolchains/XcodeDefault.xctoolchain/usr/bin/../lib/clang/6.1.0/lib/darwin/libclang_rt.osx.a]
    arg [/Applications/Xcode.app/Contents/Developer/Toolchains/XcodeDefault.xctoolchain/usr/bin/ld] ==> ignore
    arg [-demangle] ==> ignore
    arg [-dynamic] ==> ignore
    arg [-arch] ==> ignore
    arg [x86_64] ==> ignore
    arg [-macosx_version_min] ==> ignore
    arg [10.10.0] ==> ignore
    arg [-o] ==> ignore
    arg [cmTryCompileExec1760741163] ==> ignore
    arg [-search_paths_first] ==> ignore
    arg [-headerpad_max_install_names] ==> ignore
    arg [-v] ==> ignore
    arg [CMakeFiles/cmTryCompileExec1760741163.dir/CMakeCCompilerABI.c.o] ==> ignore
    arg [-lSystem] ==> lib [System]
    arg [/Applications/Xcode.app/Contents/Developer/Toolchains/XcodeDefault.xctoolchain/usr/bin/../lib/clang/6.1.0/lib/darwin/libclang_rt.osx.a] ==> lib [/Applications/Xcode.app/Contents/Developer/Toolchains/XcodeDefault.xctoolchain/usr/bin/../lib/clang/6.1.0/lib/darwin/libclang_rt.osx.a]
  Library search paths: [;/usr/lib;/usr/local/lib]
  Framework search paths: [;/Library/Frameworks/;/System/Library/Frameworks/]
  remove lib [System]
  collapse lib [/Applications/Xcode.app/Contents/Developer/Toolchains/XcodeDefault.xctoolchain/usr/bin/../lib/clang/6.1.0/lib/darwin/libclang_rt.osx.a] ==> [/Applications/Xcode.app/Contents/Developer/Toolchains/XcodeDefault.xctoolchain/usr/lib/clang/6.1.0/lib/darwin/libclang_rt.osx.a]
  collapse library dir [/usr/lib] ==> [/usr/lib]
  collapse library dir [/usr/local/lib] ==> [/usr/local/lib]
  collapse framework dir [/Library/Frameworks/] ==> [/Library/Frameworks]
  collapse framework dir [/System/Library/Frameworks/] ==> [/System/Library/Frameworks]
  implicit libs: [/Applications/Xcode.app/Contents/Developer/Toolchains/XcodeDefault.xctoolchain/usr/lib/clang/6.1.0/lib/darwin/libclang_rt.osx.a]
  implicit dirs: [/usr/lib;/usr/local/lib]
  implicit fwks: [/Library/Frameworks;/System/Library/Frameworks]


Determining if the CXX compiler works passed with the following output:
Change Dir: /Users/guochao/Script/cpp/c_make/c2/CMakeFiles/CMakeTmp

Run Build Command:"/usr/bin/make" "cmTryCompileExec4119315983/fast"
/Applications/Xcode.app/Contents/Developer/usr/bin/make -f CMakeFiles/cmTryCompileExec4119315983.dir/build.make CMakeFiles/cmTryCompileExec4119315983.dir/build
/usr/local/Cellar/cmake/3.1.0/bin/cmake -E cmake_progress_report /Users/guochao/Script/cpp/c_make/c2/CMakeFiles/CMakeTmp/CMakeFiles 1
Building CXX object CMakeFiles/cmTryCompileExec4119315983.dir/testCXXCompiler.cxx.o
/usr/bin/c++     -o CMakeFiles/cmTryCompileExec4119315983.dir/testCXXCompiler.cxx.o -c /Users/guochao/Script/cpp/c_make/c2/CMakeFiles/CMakeTmp/testCXXCompiler.cxx
Linking CXX executable cmTryCompileExec4119315983
/usr/local/Cellar/cmake/3.1.0/bin/cmake -E cmake_link_script CMakeFiles/cmTryCompileExec4119315983.dir/link.txt --verbose=1
/usr/bin/c++     -Wl,-search_paths_first -Wl,-headerpad_max_install_names  CMakeFiles/cmTryCompileExec4119315983.dir/testCXXCompiler.cxx.o  -o cmTryCompileExec4119315983  


Detecting CXX compiler ABI info compiled with the following output:
Change Dir: /Users/guochao/Script/cpp/c_make/c2/CMakeFiles/CMakeTmp

Run Build Command:"/usr/bin/make" "cmTryCompileExec3721291779/fast"
/Applications/Xcode.app/Contents/Developer/usr/bin/make -f CMakeFiles/cmTryCompileExec3721291779.dir/build.make CMakeFiles/cmTryCompileExec3721291779.dir/build
/usr/local/Cellar/cmake/3.1.0/bin/cmake -E cmake_progress_report /Users/guochao/Script/cpp/c_make/c2/CMakeFiles/CMakeTmp/CMakeFiles 1
Building CXX object CMakeFiles/cmTryCompileExec3721291779.dir/CMakeCXXCompilerABI.cpp.o
/usr/bin/c++     -o CMakeFiles/cmTryCompileExec3721291779.dir/CMakeCXXCompilerABI.cpp.o -c /usr/local/Cellar/cmake/3.1.0/share/cmake/Modules/CMakeCXXCompilerABI.cpp
Linking CXX executable cmTryCompileExec3721291779
/usr/local/Cellar/cmake/3.1.0/bin/cmake -E cmake_link_script CMakeFiles/cmTryCompileExec3721291779.dir/link.txt --verbose=1
/usr/bin/c++     -Wl,-search_paths_first -Wl,-headerpad_max_install_names -v -Wl,-v CMakeFiles/cmTryCompileExec3721291779.dir/CMakeCXXCompilerABI.cpp.o  -o cmTryCompileExec3721291779   
Apple LLVM version 6.1.0 (clang-602.0.49) (based on LLVM 3.6.0svn)
Target: x86_64-apple-darwin14.1.0
Thread model: posix
 "/Applications/Xcode.app/Contents/Developer/Toolchains/XcodeDefault.xctoolchain/usr/bin/ld" -demangle -dynamic -arch x86_64 -macosx_version_min 10.10.0 -o cmTryCompileExec3721291779 -search_paths_first -headerpad_max_install_names -v CMakeFiles/cmTryCompileExec3721291779.dir/CMakeCXXCompilerABI.cpp.o -lc++ -lSystem /Applications/Xcode.app/Contents/Developer/Toolchains/XcodeDefault.xctoolchain/usr/bin/../lib/clang/6.1.0/lib/darwin/libclang_rt.osx.a
@(#)PROGRAM:ld  PROJECT:ld64-242
configured to support archs: armv6 armv7 armv7s arm64 i386 x86_64 x86_64h armv6m armv7m armv7em
Library search paths:
	/usr/lib
	/usr/local/lib
Framework search paths:
	/Library/Frameworks/
	/System/Library/Frameworks/


Parsed CXX implicit link information from above output:
  link line regex: [^( *|.*[/\])(ld|([^/\]+-)?ld|collect2)[^/\]*( |$)]
  ignore line: [Change Dir: /Users/guochao/Script/cpp/c_make/c2/CMakeFiles/CMakeTmp]
  ignore line: []
  ignore line: [Run Build Command:"/usr/bin/make" "cmTryCompileExec3721291779/fast"]
  ignore line: [/Applications/Xcode.app/Contents/Developer/usr/bin/make -f CMakeFiles/cmTryCompileExec3721291779.dir/build.make CMakeFiles/cmTryCompileExec3721291779.dir/build]
  ignore line: [/usr/local/Cellar/cmake/3.1.0/bin/cmake -E cmake_progress_report /Users/guochao/Script/cpp/c_make/c2/CMakeFiles/CMakeTmp/CMakeFiles 1]
  ignore line: [Building CXX object CMakeFiles/cmTryCompileExec3721291779.dir/CMakeCXXCompilerABI.cpp.o]
  ignore line: [/usr/bin/c++     -o CMakeFiles/cmTryCompileExec3721291779.dir/CMakeCXXCompilerABI.cpp.o -c /usr/local/Cellar/cmake/3.1.0/share/cmake/Modules/CMakeCXXCompilerABI.cpp]
  ignore line: [Linking CXX executable cmTryCompileExec3721291779]
  ignore line: [/usr/local/Cellar/cmake/3.1.0/bin/cmake -E cmake_link_script CMakeFiles/cmTryCompileExec3721291779.dir/link.txt --verbose=1]
  ignore line: [/usr/bin/c++     -Wl,-search_paths_first -Wl,-headerpad_max_install_names -v -Wl,-v CMakeFiles/cmTryCompileExec3721291779.dir/CMakeCXXCompilerABI.cpp.o  -o cmTryCompileExec3721291779   ]
  ignore line: [Apple LLVM version 6.1.0 (clang-602.0.49) (based on LLVM 3.6.0svn)]
  ignore line: [Target: x86_64-apple-darwin14.1.0]
  ignore line: [Thread model: posix]
  link line: [ "/Applications/Xcode.app/Contents/Developer/Toolchains/XcodeDefault.xctoolchain/usr/bin/ld" -demangle -dynamic -arch x86_64 -macosx_version_min 10.10.0 -o cmTryCompileExec3721291779 -search_paths_first -headerpad_max_install_names -v CMakeFiles/cmTryCompileExec3721291779.dir/CMakeCXXCompilerABI.cpp.o -lc++ -lSystem /Applications/Xcode.app/Contents/Developer/Toolchains/XcodeDefault.xctoolchain/usr/bin/../lib/clang/6.1.0/lib/darwin/libclang_rt.osx.a]
    arg [/Applications/Xcode.app/Contents/Developer/Toolchains/XcodeDefault.xctoolchain/usr/bin/ld] ==> ignore
    arg [-demangle] ==> ignore
    arg [-dynamic] ==> ignore
    arg [-arch] ==> ignore
    arg [x86_64] ==> ignore
    arg [-macosx_version_min] ==> ignore
    arg [10.10.0] ==> ignore
    arg [-o] ==> ignore
    arg [cmTryCompileExec3721291779] ==> ignore
    arg [-search_paths_first] ==> ignore
    arg [-headerpad_max_install_names] ==> ignore
    arg [-v] ==> ignore
    arg [CMakeFiles/cmTryCompileExec3721291779.dir/CMakeCXXCompilerABI.cpp.o] ==> ignore
    arg [-lc++] ==> lib [c++]
    arg [-lSystem] ==> lib [System]
    arg [/Applications/Xcode.app/Contents/Developer/Toolchains/XcodeDefault.xctoolchain/usr/bin/../lib/clang/6.1.0/lib/darwin/libclang_rt.osx.a] ==> lib [/Applications/Xcode.app/Contents/Developer/Toolchains/XcodeDefault.xctoolchain/usr/bin/../lib/clang/6.1.0/lib/darwin/libclang_rt.osx.a]
  Library search paths: [;/usr/lib;/usr/local/lib]
  Framework search paths: [;/Library/Frameworks/;/System/Library/Frameworks/]
  remove lib [System]
  collapse lib [/Applications/Xcode.app/Contents/Developer/Toolchains/XcodeDefault.xctoolchain/usr/bin/../lib/clang/6.1.0/lib/darwin/libclang_rt.osx.a] ==> [/Applications/Xcode.app/Contents/Developer/Toolchains/XcodeDefault.xctoolchain/usr/lib/clang/6.1.0/lib/darwin/libclang_rt.osx.a]
  collapse library dir [/usr/lib] ==> [/usr/lib]
  collapse library dir [/usr/local/lib] ==> [/usr/local/lib]
  collapse framework dir [/Library/Frameworks/] ==> [/Library/Frameworks]
  collapse framework dir [/System/Library/Frameworks/] ==> [/System/Library/Frameworks]
  implicit libs: [c++;/Applications/Xcode.app/Contents/Developer/Toolchains/XcodeDefault.xctoolchain/usr/lib/clang/6.1.0/lib/darwin/libclang_rt.osx.a]
  implicit dirs: [/usr/lib;/usr/local/lib]
  implicit fwks: [/Library/Frameworks;/System/Library/Frameworks]


